MPASM  5.50                    UYGULAMA-4.ASM   10-7-2018  15:16:13         PAGE  1


LOC  OBJECT CODE     LINE SOURCE TEXT
  VALUE

2007   3F31           00001         __CONFIG H'3F31'
                      00002         LIST P=16F877A
                      00003         #INCLUDE <P16F877A.INC>
                      00001         LIST
                      00002 
                      00003 ;==========================================================================
                      00004 ;  MPASM PIC16F877A processor include
                      00005 ; 
                      00006 ;  (c) Copyright 1999-2013 Microchip Technology, All rights reserved
                      00007 ;==========================================================================
                      00008 
                      00566         LIST
0000                  00004         ORG 0X00
0000   2801           00005         GOTO ANA_METOT
                      00006         
0001                  00007 ANA_METOT
0001   1683 1303      00008         BANKSEL TRISA
0003   3006           00009         MOVLW H'06'
Message[302]: Register in operand not in bank 0.  Ensure that bank bits are correct.
0004   009F           00010         MOVWF ADCON1
0005   30FF           00011         MOVLW B'11111111'
Message[302]: Register in operand not in bank 0.  Ensure that bank bits are correct.
0006   0085           00012         MOVWF TRISA
0007   3000           00013         MOVLW 0X00
Message[302]: Register in operand not in bank 0.  Ensure that bank bits are correct.
0008   0086           00014         MOVWF TRISB
Message[302]: Register in operand not in bank 0.  Ensure that bank bits are correct.
0009   0088           00015         MOVWF TRISD
000A   30FF           00016         MOVLW 0XFF
Message[302]: Register in operand not in bank 0.  Ensure that bank bits are correct.
000B   0087           00017         MOVWF TRISC
                      00018 
000C   1283 1303      00019         BANKSEL PORTA
000E   303F           00020         MOVLW B'00111111'
000F   0085           00021         MOVWF PORTA
0010   300F           00022         MOVLW B'00001111'
0011   0086           00023         MOVWF PORTB
0012   0088           00024         MOVWF PORTD
0013   1487           00025         BSF PORTC,1
0014   1507           00026         BSF PORTC,2
                      00027 
0015                  00028 KONTROL
0015   1805           00029         BTFSC PORTA,0
0016   2827           00030         GOTO SALON_KAPI
0017   1885           00031         BTFSC PORTA,1
0018   282A           00032         GOTO O1_KAPI
0019   1905           00033         BTFSC PORTA,2
001A   282D           00034         GOTO O2_KAPI
001B   1985           00035         BTFSC PORTA,3
001C   2830           00036         GOTO MUTFAK_KAPI
001D   1A05           00037         BTFSC PORTA,4
001E   2833           00038         GOTO SALON_PNC
001F   1A85           00039         BTFSC PORTA,5
MPASM  5.50                    UYGULAMA-4.ASM   10-7-2018  15:16:13         PAGE  2


LOC  OBJECT CODE     LINE SOURCE TEXT
  VALUE

0020   2836           00040         GOTO O1_PNC
0021   1887           00041         BTFSC PORTC,1
0022   2839           00042         GOTO O2_PNC
0023   1907           00043         BTFSC PORTC,2
0024   283C           00044         GOTO MUTFAK_PNC
0025   283F           00045         GOTO LED_SONLANDIR
0026   2815           00046         GOTO KONTROL
                      00047 
0027                  00048 SALON_KAPI
0027   1006           00049         BCF PORTB,0
0028   1606           00050         BSF PORTB,4
0029   2815           00051         GOTO KONTROL
                      00052 
002A                  00053 O1_KAPI
002A   1086           00054         BCF PORTB,1
002B   1686           00055         BSF PORTB,5
002C   2815           00056         GOTO KONTROL
                      00057 
002D                  00058 O2_KAPI
002D   1106           00059         BCF PORTB,2
002E   1706           00060         BSF PORTB,6
002F   2815           00061         GOTO KONTROL
                      00062 
0030                  00063 MUTFAK_KAPI
0030   1186           00064         BCF PORTB,3
0031   1786           00065         BSF PORTB,7 
0032   2815           00066         GOTO KONTROL
                      00067 
0033                  00068 SALON_PNC
0033   1008           00069         BCF PORTD,0
0034   1608           00070         BSF PORTD,4
0035   2815           00071         GOTO KONTROL
                      00072 
0036                  00073 O1_PNC
0036   1088           00074         BCF PORTD,1
0037   1688           00075         BSF PORTD,5
0038   2815           00076         GOTO KONTROL
                      00077 
0039                  00078 O2_PNC
0039   1108           00079         BCF PORTD,2
003A   1708           00080         BSF PORTD,6
003B   2815           00081         GOTO KONTROL
                      00082 
003C                  00083 MUTFAK_PNC
003C   1188           00084         BCF PORTD,3
003D   1788           00085         BSF PORTD,7
003E   2815           00086         GOTO KONTROL
                      00087 
003F                  00088 LED_SONLANDIR
003F   1206           00089         BCF PORTB,4
0040   1406           00090         BSF PORTB,0
0041   1286           00091         BCF PORTB,5
0042   1486           00092         BSF PORTB,1
MPASM  5.50                    UYGULAMA-4.ASM   10-7-2018  15:16:13         PAGE  3


LOC  OBJECT CODE     LINE SOURCE TEXT
  VALUE

0043   1306           00093         BCF PORTB,6
0044   1506           00094         BSF PORTB,2
0045   1386           00095         BCF PORTB,7
0046   1586           00096         BSF PORTB,3
0047   1208           00097         BCF PORTD,4
0048   1408           00098         BSF PORTD,0
0049   1288           00099         BCF PORTD,5
004A   1488           00100         BSF PORTD,1
004B   1308           00101         BCF PORTD,6
004C   1508           00102         BSF PORTD,2
004D   1388           00103         BCF PORTD,7
004E   1588           00104         BSF PORTD,3
004F   2815           00105         GOTO KONTROL
                      00106         
Warning[205]: Found directive in column 1. (END)
                      00107 END
MPASM  5.50                    UYGULAMA-4.ASM   10-7-2018  15:16:13         PAGE  4


SYMBOL TABLE
  LABEL                             VALUE 

ACKDT                             00000005
ACKEN                             00000004
ACKSTAT                           00000006
ADCON0                            0000001F
ADCON1                            0000009F
ADCS0                             00000006
ADCS1                             00000007
ADCS2                             00000006
ADDEN                             00000003
ADFM                              00000007
ADIE                              00000006
ADIF                              00000006
ADON                              00000000
ADRESH                            0000001E
ADRESL                            0000009E
ANA_METOT                         00000001
BCLIE                             00000003
BCLIF                             00000003
BF                                00000000
BRGH                              00000002
C                                 00000000
C1INV                             00000004
C1OUT                             00000006
C2INV                             00000005
C2OUT                             00000007
CCP1CON                           00000017
CCP1IE                            00000002
CCP1IF                            00000002
CCP1M0                            00000000
CCP1M1                            00000001
CCP1M2                            00000002
CCP1M3                            00000003
CCP1X                             00000005
CCP1Y                             00000004
CCP2CON                           0000001D
CCP2IE                            00000000
CCP2IF                            00000000
CCP2M0                            00000000
CCP2M1                            00000001
CCP2M2                            00000002
CCP2M3                            00000003
CCP2X                             00000005
CCP2Y                             00000004
CCPR1                             00000015
CCPR1H                            00000016
CCPR1L                            00000015
CCPR2                             0000001B
CCPR2H                            0000001C
CCPR2L                            0000001B
CHS0                              00000003
CHS1                              00000004
CHS2                              00000005
CIS                               00000003
MPASM  5.50                    UYGULAMA-4.ASM   10-7-2018  15:16:13         PAGE  5


SYMBOL TABLE
  LABEL                             VALUE 

CKE                               00000006
CKP                               00000004
CM0                               00000000
CM1                               00000001
CM2                               00000002
CMCON                             0000009C
CMIE                              00000006
CMIF                              00000006
CREN                              00000004
CSRC                              00000007
CVR0                              00000000
CVR1                              00000001
CVR2                              00000002
CVR3                              00000003
CVRCON                            0000009D
CVREN                             00000007
CVROE                             00000006
CVRR                              00000005
D                                 00000005
DATA_ADDRESS                      00000005
DC                                00000001
D_A                               00000005
D_NOT_A                           00000005
EEADR                             0000010D
EEADRH                            0000010F
EECON1                            0000018C
EECON2                            0000018D
EEDATA                            0000010C
EEDATH                            0000010E
EEIE                              00000004
EEIF                              00000004
EEPGD                             00000007
F                                 00000001
FERR                              00000002
FSR                               00000004
GCEN                              00000007
GIE                               00000007
GO                                00000002
GO_DONE                           00000002
GO_NOT_DONE                       00000002
I2C_DATA                          00000005
I2C_READ                          00000002
I2C_START                         00000003
I2C_STOP                          00000004
IBF                               00000007
IBOV                              00000005
INDF                              00000000
INTCON                            0000000B
INTE                              00000004
INTEDG                            00000006
INTF                              00000001
IRP                               00000007
KONTROL                           00000015
MPASM  5.50                    UYGULAMA-4.ASM   10-7-2018  15:16:13         PAGE  6


SYMBOL TABLE
  LABEL                             VALUE 

LED_SONLANDIR                     0000003F
MUTFAK_KAPI                       00000030
MUTFAK_PNC                        0000003C
NOT_A                             00000005
NOT_ADDRESS                       00000005
NOT_BO                            00000000
NOT_BOR                           00000000
NOT_DONE                          00000002
NOT_PD                            00000003
NOT_POR                           00000001
NOT_RBPU                          00000007
NOT_RC8                           00000006
NOT_T1SYNC                        00000002
NOT_TO                            00000004
NOT_TX8                           00000006
NOT_W                             00000002
NOT_WRITE                         00000002
O1_KAPI                           0000002A
O1_PNC                            00000036
O2_KAPI                           0000002D
O2_PNC                            00000039
OBF                               00000006
OERR                              00000001
OPTION_REG                        00000081
P                                 00000004
PCFG0                             00000000
PCFG1                             00000001
PCFG2                             00000002
PCFG3                             00000003
PCL                               00000002
PCLATH                            0000000A
PCON                              0000008E
PEIE                              00000006
PEN                               00000002
PIE1                              0000008C
PIE2                              0000008D
PIR1                              0000000C
PIR2                              0000000D
PORTA                             00000005
PORTB                             00000006
PORTC                             00000007
PORTD                             00000008
PORTE                             00000009
PR2                               00000092
PS0                               00000000
PS1                               00000001
PS2                               00000002
PSA                               00000003
PSPIE                             00000007
PSPIF                             00000007
PSPMODE                           00000004
R                                 00000002
RA0                               00000000
MPASM  5.50                    UYGULAMA-4.ASM   10-7-2018  15:16:13         PAGE  7


SYMBOL TABLE
  LABEL                             VALUE 

RA1                               00000001
RA2                               00000002
RA3                               00000003
RA4                               00000004
RA5                               00000005
RB0                               00000000
RB1                               00000001
RB2                               00000002
RB3                               00000003
RB4                               00000004
RB5                               00000005
RB6                               00000006
RB7                               00000007
RBIE                              00000003
RBIF                              00000000
RC0                               00000000
RC1                               00000001
RC2                               00000002
RC3                               00000003
RC4                               00000004
RC5                               00000005
RC6                               00000006
RC7                               00000007
RC8_9                             00000006
RC9                               00000006
RCD8                              00000000
RCEN                              00000003
RCIE                              00000005
RCIF                              00000005
RCREG                             0000001A
RCSTA                             00000018
RD                                00000000
RD0                               00000000
RD1                               00000001
RD2                               00000002
RD3                               00000003
RD4                               00000004
RD5                               00000005
RD6                               00000006
RD7                               00000007
RE0                               00000000
RE1                               00000001
RE2                               00000002
READ_WRITE                        00000002
RP0                               00000005
RP1                               00000006
RSEN                              00000001
RX9                               00000006
RX9D                              00000000
R_NOT_W                           00000002
R_W                               00000002
S                                 00000003
SALON_KAPI                        00000027
MPASM  5.50                    UYGULAMA-4.ASM   10-7-2018  15:16:13         PAGE  8


SYMBOL TABLE
  LABEL                             VALUE 

SALON_PNC                         00000033
SEN                               00000000
SMP                               00000007
SPBRG                             00000099
SPEN                              00000007
SREN                              00000005
SSPADD                            00000093
SSPBUF                            00000013
SSPCON                            00000014
SSPCON2                           00000091
SSPEN                             00000005
SSPIE                             00000003
SSPIF                             00000003
SSPM0                             00000000
SSPM1                             00000001
SSPM2                             00000002
SSPM3                             00000003
SSPOV                             00000006
SSPSTAT                           00000094
STATUS                            00000003
SYNC                              00000004
T0CS                              00000005
T0IE                              00000005
T0IF                              00000002
T0SE                              00000004
T1CKPS0                           00000004
T1CKPS1                           00000005
T1CON                             00000010
T1INSYNC                          00000002
T1OSCEN                           00000003
T1SYNC                            00000002
T2CKPS0                           00000000
T2CKPS1                           00000001
T2CON                             00000012
TMR0                              00000001
TMR0IE                            00000005
TMR0IF                            00000002
TMR1                              0000000E
TMR1CS                            00000001
TMR1H                             0000000F
TMR1IE                            00000000
TMR1IF                            00000000
TMR1L                             0000000E
TMR1ON                            00000000
TMR2                              00000011
TMR2IE                            00000001
TMR2IF                            00000001
TMR2ON                            00000002
TOUTPS0                           00000003
TOUTPS1                           00000004
TOUTPS2                           00000005
TOUTPS3                           00000006
TRISA                             00000085
MPASM  5.50                    UYGULAMA-4.ASM   10-7-2018  15:16:13         PAGE  9


SYMBOL TABLE
  LABEL                             VALUE 

TRISA0                            00000000
TRISA1                            00000001
TRISA2                            00000002
TRISA3                            00000003
TRISA4                            00000004
TRISA5                            00000005
TRISB                             00000086
TRISB0                            00000000
TRISB1                            00000001
TRISB2                            00000002
TRISB3                            00000003
TRISB4                            00000004
TRISB5                            00000005
TRISB6                            00000006
TRISB7                            00000007
TRISC                             00000087
TRISC0                            00000000
TRISC1                            00000001
TRISC2                            00000002
TRISC3                            00000003
TRISC4                            00000004
TRISC5                            00000005
TRISC6                            00000006
TRISC7                            00000007
TRISD                             00000088
TRISD0                            00000000
TRISD1                            00000001
TRISD2                            00000002
TRISD3                            00000003
TRISD4                            00000004
TRISD5                            00000005
TRISD6                            00000006
TRISD7                            00000007
TRISE                             00000089
TRISE0                            00000000
TRISE1                            00000001
TRISE2                            00000002
TRMT                              00000001
TX8_9                             00000006
TX9                               00000006
TX9D                              00000000
TXD8                              00000000
TXEN                              00000005
TXIE                              00000004
TXIF                              00000004
TXREG                             00000019
TXSTA                             00000098
UA                                00000001
W                                 00000000
WCOL                              00000007
WR                                00000001
WREN                              00000002
WRERR                             00000003
MPASM  5.50                    UYGULAMA-4.ASM   10-7-2018  15:16:13         PAGE 10


SYMBOL TABLE
  LABEL                             VALUE 

Z                                 00000002
_BODEN_OFF                        00003FBF
_BODEN_ON                         00003FFF
_BOREN_OFF                        00003FBF
_BOREN_ON                         00003FFF
_CONFIG                           00002007
_CPD_OFF                          00003FFF
_CPD_ON                           00003EFF
_CP_ALL                           00001FFF
_CP_OFF                           00003FFF
_CP_ON                            00001FFF
_DEBUG_OFF                        00003FFF
_DEBUG_ON                         000037FF
_DEVID1                           00002006
_FOSC_EXTRC                       00003FFF
_FOSC_HS                          00003FFE
_FOSC_LP                          00003FFC
_FOSC_XT                          00003FFD
_HS_OSC                           00003FFE
_IDLOC0                           00002000
_IDLOC1                           00002001
_IDLOC2                           00002002
_IDLOC3                           00002003
_LP_OSC                           00003FFC
_LVP_OFF                          00003F7F
_LVP_ON                           00003FFF
_PWRTE_OFF                        00003FFF
_PWRTE_ON                         00003FF7
_RC_OSC                           00003FFF
_WDTE_OFF                         00003FFB
_WDTE_ON                          00003FFF
_WDT_OFF                          00003FFB
_WDT_ON                           00003FFF
_WRT_1FOURTH                      00003BFF
_WRT_256                          00003DFF
_WRT_HALF                         000039FF
_WRT_OFF                          00003FFF
_XT_OSC                           00003FFD
__16F877A                         00000001
__DEBUG                           1


MEMORY USAGE MAP ('X' = Used,  '-' = Unused)

0000 : XXXXXXXXXXXXXXXX XXXXXXXXXXXXXXXX XXXXXXXXXXXXXXXX XXXXXXXXXXXXXXXX
0040 : XXXXXXXXXXXXXXXX ---------------- ---------------- ----------------
MPASM  5.50                    UYGULAMA-4.ASM   10-7-2018  15:16:13         PAGE 11


MEMORY USAGE MAP ('X' = Used,  '-' = Unused)


2000 : -------X-------- ---------------- ---------------- ----------------

All other memory blocks unused.

Program Memory Words Used:    80
Program Memory Words Free:  8112


Errors   :     0
Warnings :     1 reported,     0 suppressed
Messages :     5 reported,     0 suppressed

